main.py - create_table - INFO - 2023-11-02 13:22:09 - Criando tabela SQLite...
main.py - insert_user - INFO - 2023-11-02 13:22:09 - Inserindo usuário...
main.py - fetch_all_users - INFO - 2023-11-02 13:22:09 - Buscando usuários...
main.py - update_user - INFO - 2023-11-02 13:22:09 - Atualizando usuário...
main.py - delete_user - INFO - 2023-11-02 13:22:09 - Excluindo usuário...
main.py - create_table - INFO - 2023-11-02 13:23:20 - Criando tabela SQLite...
main.py - insert_user - INFO - 2023-11-02 13:23:20 - Inserindo usuário...
main.py - fetch_all_users - INFO - 2023-11-02 13:23:20 - Buscando usuários...
main.py - update_user - INFO - 2023-11-02 13:23:20 - Atualizando usuário...
main.py - delete_user - INFO - 2023-11-02 13:23:20 - Excluindo usuário...
main.py - create_table - INFO - 2023-11-02 13:24:38 - Criando tabela SQLite...
main.py - insert_user - INFO - 2023-11-02 13:24:38 - Inserindo usuário...
main.py - fetch_all_users - INFO - 2023-11-02 13:24:38 - Buscando usuários...
main.py - update_user - INFO - 2023-11-02 13:24:38 - Atualizando usuário...
main.py - delete_user - INFO - 2023-11-02 13:24:38 - Excluindo usuário...
main.py - create_table - INFO - 2023-11-02 13:27:31 - Criando tabela SQLite...
main.py - insert_user - INFO - 2023-11-02 13:27:31 - Inserindo usuário...
main.py - fetch_all_users - INFO - 2023-11-02 13:27:31 - Buscando usuários...
main.py - update_user - INFO - 2023-11-02 13:27:31 - Atualizando usuário...
main.py - delete_user - INFO - 2023-11-02 13:27:31 - Excluindo usuário...
main.py - create_table - INFO - 2023-11-02 13:30:55 - Criando tabela SQLite...
main.py - insert_user - INFO - 2023-11-02 13:30:55 - Inserindo usuário...
main.py - fetch_all_users - INFO - 2023-11-02 13:30:55 - Buscando usuários...
main.py - update_user - INFO - 2023-11-02 13:30:55 - Atualizando usuário...
main.py - delete_user - INFO - 2023-11-02 13:30:55 - Excluindo usuário...
main.py - create_table - INFO - 2023-11-02 13:32:27 - Criando tabela SQLite...
main.py - insert_user - INFO - 2023-11-02 13:32:27 - Inserindo usuário...
main.py - fetch_all_users - INFO - 2023-11-02 13:32:27 - Buscando usuários...
main.py - update_user - INFO - 2023-11-02 13:32:27 - Atualizando usuário...
main.py - delete_user - INFO - 2023-11-02 13:32:27 - Excluindo usuário...
main.py - create_table - INFO - 2023-11-02 13:32:37 - Criando tabela SQLite...
main.py - insert_user - INFO - 2023-11-02 13:32:37 - Inserindo usuário...
main.py - fetch_all_users - INFO - 2023-11-02 13:32:37 - Buscando usuários...
main.py - update_user - INFO - 2023-11-02 13:32:37 - Atualizando usuário...
main.py - delete_user - INFO - 2023-11-02 13:32:37 - Excluindo usuário...
